==15910== Memcheck, a memory error detector
==15910== Copyright (C) 2002-2015, and GNU GPL'd, by Julian Seward et al.
==15910== Using Valgrind-3.11.0 and LibVEX; rerun with -h for copyright info
==15910== Command: bin/xacto -p 9999
==15910== Parent PID: 15898
==15910== 
==15910== 
==15910== FILE DESCRIPTORS: 8 open at exit.
==15910== Open AF_INET socket 5: 0.0.0.0:9999 <-> unbound
==15910==    at 0x515F5A7: socket (syscall-template.S:84)
==15910==    by 0x403C45: open_listenfd (csapp.c:1015)
==15910==    by 0x403D97: Open_listenfd (csapp.c:1062)
==15910==    by 0x40214A: main (main.c:33)
==15910== 
==15910== Open file descriptor 13: /dev/shm/bxf_arena_15896 (deleted)
==15910==    <inherited from parent>
==15910== 
==15910== Open file descriptor 12: /dev/shm/bxf_arena_15896 (deleted)
==15910==    <inherited from parent>
==15910== 
==15910== Open file descriptor 4:
==15910==    <inherited from parent>
==15910== 
==15910== Open file descriptor 3: /home/student/alcollado/hw5/valgrind.out
==15910==    <inherited from parent>
==15910== 
==15910== Open file descriptor 2: /dev/pts/0
==15910==    <inherited from parent>
==15910== 
==15910== Open file descriptor 1: /dev/pts/0
==15910==    <inherited from parent>
==15910== 
==15910== Open file descriptor 0:
==15910==    <inherited from parent>
==15910== 
==15910== 
==15910== HEAP SUMMARY:
==15910==     in use at exit: 4 bytes in 1 blocks
==15910==   total heap usage: 14 allocs, 13 frees, 7,172 bytes allocated
==15910== 
==15910== LEAK SUMMARY:
==15910==    definitely lost: 0 bytes in 0 blocks
==15910==    indirectly lost: 0 bytes in 0 blocks
==15910==      possibly lost: 0 bytes in 0 blocks
==15910==    still reachable: 4 bytes in 1 blocks
==15910==         suppressed: 0 bytes in 0 blocks
==15910== Reachable blocks (those to which a pointer was found) are not shown.
==15910== To see them, rerun with: --leak-check=full --show-leak-kinds=all
==15910== 
==15910== For counts of detected and suppressed errors, rerun with: -v
==15910== ERROR SUMMARY: 0 errors from 0 contexts (suppressed: 0 from 0)
